This is pdfTeX, Version 3.1415926-1.40.10 (TeX Live 2009/Debian) (format=pdflatex 2013.12.14)  10 MAY 2014 09:10
entering extended mode
 %&-line parsing enabled.
**main
(./main.tex
LaTeX2e <2009/09/24>
Babel <v3.8l> and hyphenation patterns for english, usenglishmax, dumylang, noh
yphenation, loaded.
(./z2-article.cls
Document Class: z2-article 1999/01/07 v1.4a Standard LaTeX document class
(/usr/share/texmf-texlive/tex/latex/base/size10.clo
File: size10.clo 2007/10/19 v1.4h Standard LaTeX file (size option)
)
\c@part=\count79
\c@section=\count80
\c@subsection=\count81
\c@subsubsection=\count82
\c@paragraph=\count83
\c@subparagraph=\count84
\c@figure=\count85
\c@table=\count86
\abovecaptionskip=\skip41
\belowcaptionskip=\skip42
\bibindent=\dimen102
)
(/usr/share/texmf-texlive/tex/latex/psnfss/times.sty
Package: times 2005/04/12 PSNFSS-v9.2a (SPQR) 
) (./oneinchmargins.sty)
(/usr/share/texmf-texlive/tex/latex/setspace/setspace.sty
Package: setspace 2000/12/01 6.7 Contributed and Supported LaTeX2e package

Package: `setspace' 6.7 <2000/12/01>
) (/usr/share/texmf-texlive/tex/latex/graphics/graphicx.sty
Package: graphicx 1999/02/16 v1.0f Enhanced LaTeX Graphics (DPC,SPQR)

(/usr/share/texmf-texlive/tex/latex/graphics/keyval.sty
Package: keyval 1999/03/16 v1.13 key=value parser (DPC)
\KV@toks@=\toks14
)
(/usr/share/texmf-texlive/tex/latex/graphics/graphics.sty
Package: graphics 2009/02/05 v1.0o Standard LaTeX Graphics (DPC,SPQR)

(/usr/share/texmf-texlive/tex/latex/graphics/trig.sty
Package: trig 1999/03/16 v1.09 sin cos tan (DPC)
)
(/etc/texmf/tex/latex/config/graphics.cfg
File: graphics.cfg 2009/08/28 v1.8 graphics configuration of TeX Live
)
Package graphics Info: Driver file: pdftex.def on input line 91.

(/usr/share/texmf-texlive/tex/latex/pdftex-def/pdftex.def
File: pdftex.def 2010/03/12 v0.04p Graphics/color for pdfTeX
\Gread@gobject=\count87
))
\Gin@req@height=\dimen103
\Gin@req@width=\dimen104
)
(/usr/share/texmf-texlive/tex/latex/multirow/multirow.sty
\bigstrutjot=\dimen105
)
(/usr/share/texmf-texlive/tex/latex/amsfonts/amssymb.sty
Package: amssymb 2009/06/22 v3.00

(/usr/share/texmf-texlive/tex/latex/amsfonts/amsfonts.sty
Package: amsfonts 2009/06/22 v3.00 Basic AMSFonts support
\@emptytoks=\toks15
\symAMSa=\mathgroup4
\symAMSb=\mathgroup5
LaTeX Font Info:    Overwriting math alphabet `\mathfrak' in version `bold'
(Font)                  U/euf/m/n --> U/euf/b/n on input line 96.
))
(/usr/share/texmf-texlive/tex/latex/base/alltt.sty
Package: alltt 1997/06/16 v2.0g defines alltt environment
)
(/usr/share/texmf-texlive/tex/latex/ltxmisc/url.sty
\Urlmuskip=\muskip10
Package: url 2006/04/12  ver 3.3  Verb mode for urls, etc.
)
(/usr/share/texmf-texlive/tex/latex/listings/listings.sty
\lst@mode=\count88
\lst@gtempboxa=\box26
\lst@token=\toks16
\lst@length=\count89
\lst@currlwidth=\dimen106
\lst@column=\count90
\lst@pos=\count91
\lst@lostspace=\dimen107
\lst@width=\dimen108
\lst@newlines=\count92
\lst@lineno=\count93
\lst@maxwidth=\dimen109

(/usr/share/texmf-texlive/tex/latex/listings/lstmisc.sty
File: lstmisc.sty 2007/02/22 1.4 (Carsten Heinz)
\c@lstnumber=\count94
\lst@skipnumbers=\count95
\lst@framebox=\box27
)
(/usr/share/texmf-texlive/tex/latex/listings/listings.cfg
File: listings.cfg 2007/02/22 1.4 listings configuration
))
Package: listings 2007/02/22 1.4 (Carsten Heinz)

(/usr/share/texmf-texlive/tex/latex/cite/cite.sty
LaTeX Info: Redefining \cite on input line 285.
LaTeX Info: Redefining \nocite on input line 356.
Package: cite 2009/08/29  v 5.2
)
(/usr/share/texmf-texlive/tex/latex/hyperref/hyperref.sty
Package: hyperref 2009/10/09 v6.79a Hypertext links for LaTeX

(/usr/share/texmf-texlive/tex/generic/oberdiek/ifpdf.sty
Package: ifpdf 2009/04/10 v2.0 Provides the ifpdf switch (HO)
Package ifpdf Info: pdfTeX in pdf mode detected.
)
(/usr/share/texmf-texlive/tex/generic/oberdiek/ifvtex.sty
Package: ifvtex 2008/11/04 v1.4 Switches for detecting VTeX and its modes (HO)
Package ifvtex Info: VTeX not detected.
)
(/usr/share/texmf-texlive/tex/generic/ifxetex/ifxetex.sty
Package: ifxetex 2009/01/23 v0.5 Provides ifxetex conditional
)
(/usr/share/texmf-texlive/tex/latex/oberdiek/hycolor.sty
Package: hycolor 2009/10/02 v1.5 Code for color options of hyperref/bookmark (H
O)

(/usr/share/texmf-texlive/tex/latex/oberdiek/xcolor-patch.sty
Package: xcolor-patch 2009/10/02 xcolor patch
))
\@linkdim=\dimen110
\Hy@linkcounter=\count96
\Hy@pagecounter=\count97

(/usr/share/texmf-texlive/tex/latex/hyperref/pd1enc.def
File: pd1enc.def 2009/10/09 v6.79a Hyperref: PDFDocEncoding definition (HO)
)
(/usr/share/texmf-texlive/tex/generic/oberdiek/etexcmds.sty
Package: etexcmds 2007/12/12 v1.2 Prefix for e-TeX command names (HO)

(/usr/share/texmf-texlive/tex/generic/oberdiek/infwarerr.sty
Package: infwarerr 2007/09/09 v1.2 Providing info/warning/message (HO)
)
Package etexcmds Info: Could not find \expanded.
(etexcmds)             That can mean that you are not using pdfTeX 1.50 or
(etexcmds)             that some package has redefined \expanded.
(etexcmds)             In the latter case, load this package earlier.
)
(/usr/share/texmf-texlive/tex/latex/latexconfig/hyperref.cfg
File: hyperref.cfg 2002/06/06 v1.2 hyperref configuration of TeXLive
)
(/usr/share/texmf-texlive/tex/latex/oberdiek/kvoptions.sty
Package: kvoptions 2009/08/13 v3.4 Keyval support for LaTeX options (HO)

(/usr/share/texmf-texlive/tex/generic/oberdiek/kvsetkeys.sty
Package: kvsetkeys 2009/07/30 v1.5 Key value parser with default handler suppor
t (HO)
))
Package hyperref Info: Hyper figures OFF on input line 2975.
Package hyperref Info: Link nesting OFF on input line 2980.
Package hyperref Info: Hyper index ON on input line 2983.
Package hyperref Info: Plain pages OFF on input line 2990.
Package hyperref Info: Backreferencing OFF on input line 2995.

Implicit mode ON; LaTeX internals redefined
Package hyperref Info: Bookmarks ON on input line 3191.
LaTeX Info: Redefining \url on input line 3428.
(/usr/share/texmf-texlive/tex/generic/oberdiek/bitset.sty
Package: bitset 2007/09/28 v1.0 Data type bit set (HO)

(/usr/share/texmf-texlive/tex/generic/oberdiek/intcalc.sty
Package: intcalc 2007/09/27 v1.1 Expandable integer calculations (HO)
)
(/usr/share/texmf-texlive/tex/generic/oberdiek/bigintcalc.sty
Package: bigintcalc 2007/11/11 v1.1 Expandable big integer calculations (HO)

(/usr/share/texmf-texlive/tex/generic/oberdiek/pdftexcmds.sty
Package: pdftexcmds 2009/09/23 v0.6 LuaTeX support for pdfTeX utility functions
 (HO)

(/usr/share/texmf-texlive/tex/generic/oberdiek/ifluatex.sty
Package: ifluatex 2009/04/17 v1.2 Provides the ifluatex switch (HO)
Package ifluatex Info: LuaTeX not detected.
)
(/usr/share/texmf-texlive/tex/generic/oberdiek/ltxcmds.sty
Package: ltxcmds 2009/08/05 v1.0 Some LaTeX kernel commands for general use (HO
)
)
Package pdftexcmds Info: LuaTeX not detected.
Package pdftexcmds Info: \pdf@primitive is available.
Package pdftexcmds Info: \pdf@ifprimitive is available.
)))
\Fld@menulength=\count98
\Field@Width=\dimen111
\Fld@charsize=\dimen112
\Field@toks=\toks17
Package hyperref Info: Hyper figures OFF on input line 4377.
Package hyperref Info: Link nesting OFF on input line 4382.
Package hyperref Info: Hyper index ON on input line 4385.
Package hyperref Info: backreferencing OFF on input line 4392.
Package hyperref Info: Link coloring OFF on input line 4397.
Package hyperref Info: Link coloring with OCG OFF on input line 4402.
Package hyperref Info: PDF/A mode OFF on input line 4407.

(/usr/share/texmf-texlive/tex/generic/oberdiek/atbegshi.sty
Package: atbegshi 2008/07/31 v1.9 At begin shipout hook (HO)
)
\Hy@abspage=\count99
\c@Item=\count100
\c@Hfootnote=\count101
)
*hyperref using default driver hpdftex*
(/usr/share/texmf-texlive/tex/latex/hyperref/hpdftex.def
File: hpdftex.def 2009/10/09 v6.79a Hyperref driver for pdfTeX
\Fld@listcount=\count102
)
(/usr/share/texmf-texlive/tex/latex/breakurl/breakurl.sty
Package: breakurl 2009/01/24 v1.30 Breakable hyperref URLs

(/usr/share/texmf-texlive/tex/latex/xkeyval/xkeyval.sty
Package: xkeyval 2008/08/13 v2.6a package option processing (HA)

(/usr/share/texmf-texlive/tex/generic/xkeyval/xkeyval.tex
\XKV@toks=\toks18
\XKV@tempa@toks=\toks19
\XKV@depth=\count103
File: xkeyval.tex 2008/08/13 v2.6a key=value parser (HA)
))

Package breakurl Warning: You are using breakurl while processing via pdflatex.

(breakurl)                \burl will be just a synonym of \url.
(breakurl)                 on input line 47.

) (/usr/share/texmf-texlive/tex/latex/fancyvrb/fancyvrb.sty
Package: fancyvrb 2008/02/07

Style option: `fancyvrb' v2.7a, with DG/SPQR fixes, and firstline=lastline fix 
<2008/02/07> (tvz)
\FV@CodeLineNo=\count104
\FV@InFile=\read1
\FV@TabBox=\box28
\c@FancyVerbLine=\count105
\FV@StepNumber=\count106
\FV@OutFile=\write3
) (/usr/share/texmf-texlive/tex/latex/ltxmisc/relsize.sty
Package: relsize 2003/07/04 ver 3.1
)
(/usr/share/texmf-texlive/tex/latex/soul/soul.sty
Package: soul 2003/11/17 v2.4 letterspacing/underlining (mf)
\SOUL@word=\toks20
\SOUL@lasttoken=\toks21
\SOUL@cmds=\toks22
\SOUL@buffer=\toks23
\SOUL@token=\toks24
\SOUL@spaceskip=\skip43
\SOUL@ttwidth=\dimen113
\SOUL@uldp=\dimen114
\SOUL@ulht=\dimen115
)
(/usr/share/texmf-texlive/tex/latex/tools/array.sty
Package: array 2008/09/09 v2.4c Tabular extension package (FMi)
\col@sep=\dimen116
\extrarowheight=\dimen117
\NC@list=\toks25
\extratabsurround=\skip44
\backup@length=\skip45
)
(/usr/share/texmf-texlive/tex/latex/caption/subcaption.sty
Package: subcaption 2008/08/31 v1.0b Adding subcaptions (AR)


! Package subcaption Error: `caption' package not loaded
(subcaption)                (which is needed by this package)

See the subcaption package documentation for explanation.
Type  H <return>  for immediate help.
 ...                                              
                                                  
l.38   \endinput}{}
                   
? 
) (/usr/share/texmf-texlive/tex/latex/booktabs/booktabs.sty
Package: booktabs 2005/04/14 v1.61803 publication quality tables
\heavyrulewidth=\dimen118
\lightrulewidth=\dimen119
\cmidrulewidth=\dimen120
\belowrulesep=\dimen121
\belowbottomsep=\dimen122
\aboverulesep=\dimen123
\abovetopsep=\dimen124
\cmidrulesep=\dimen125
\cmidrulekern=\dimen126
\defaultaddspace=\dimen127
\@cmidla=\count107
\@cmidlb=\count108
\@aboverulesep=\dimen128
\@belowrulesep=\dimen129
\@thisruleclass=\count109
\@lastruleclass=\count110
\@thisrulewidth=\dimen130
)
(/usr/share/texmf-texlive/tex/latex/enumitem/enumitem.sty
Package: enumitem 2009/05/18 v2.2 Customized lists
\enit@toks=\toks26
\labelindent=\skip46
\enit@outerparindent=\dimen131
\enitdp@desc=\count111
)
\tmpa=\skip47
\tempa=\skip48
 (./main.aux)
\openout1 = `main.aux'.

LaTeX Font Info:    Checking defaults for OML/cmm/m/it on input line 33.
LaTeX Font Info:    ... okay on input line 33.
LaTeX Font Info:    Checking defaults for T1/cmr/m/n on input line 33.
LaTeX Font Info:    ... okay on input line 33.
LaTeX Font Info:    Checking defaults for OT1/cmr/m/n on input line 33.
LaTeX Font Info:    ... okay on input line 33.
LaTeX Font Info:    Checking defaults for OMS/cmsy/m/n on input line 33.
LaTeX Font Info:    ... okay on input line 33.
LaTeX Font Info:    Checking defaults for OMX/cmex/m/n on input line 33.
LaTeX Font Info:    ... okay on input line 33.
LaTeX Font Info:    Checking defaults for U/cmr/m/n on input line 33.
LaTeX Font Info:    ... okay on input line 33.
LaTeX Font Info:    Checking defaults for PD1/pdf/m/n on input line 33.
LaTeX Font Info:    ... okay on input line 33.
LaTeX Font Info:    Try loading font information for OT1+ptm on input line 33.

(/usr/share/texmf-texlive/tex/latex/psnfss/ot1ptm.fd
File: ot1ptm.fd 2001/06/04 font definitions for OT1/ptm.
)
(/usr/share/texmf-texlive/tex/context/base/supp-pdf.mkii
[Loading MPS to PDF converter (version 2006.09.02).]
\scratchcounter=\count112
\scratchdimen=\dimen132
\scratchbox=\box29
\nofMPsegments=\count113
\nofMParguments=\count114
\everyMPshowfont=\toks27
\MPscratchCnt=\count115
\MPscratchDim=\dimen133
\MPnumerator=\count116
\everyMPtoPDFconversion=\toks28
)
\c@lstlisting=\count117
Package hyperref Info: Link coloring OFF on input line 33.
 (/usr/share/texmf-texlive/tex/latex/hyperref/nameref.sty
Package: nameref 2007/05/29 v2.31 Cross-referencing by name of section

(/usr/share/texmf-texlive/tex/latex/oberdiek/refcount.sty
Package: refcount 2008/08/11 v3.1 Data extraction from references (HO)
)
\c@section@level=\count118
)
LaTeX Info: Redefining \ref on input line 33.
LaTeX Info: Redefining \pageref on input line 33.
 (./main.out)
(./main.out)
\@outlinefile=\write4
\openout4 = `main.out'.

\AtBeginShipoutBox=\box30
 (./macros.tex) (./title.tex
LaTeX Font Info:    Try loading font information for U+msa on input line 17.

(/usr/share/texmf-texlive/tex/latex/amsfonts/umsa.fd
File: umsa.fd 2009/06/22 v3.00 AMS symbols A
)
LaTeX Font Info:    Try loading font information for U+msb on input line 17.

(/usr/share/texmf-texlive/tex/latex/amsfonts/umsb.fd
File: umsb.fd 2009/06/22 v3.00 AMS symbols B
)
LaTeX Font Info:    Try loading font information for OT1+pcr on input line 17.

(/usr/share/texmf-texlive/tex/latex/psnfss/ot1pcr.fd
File: ot1pcr.fd 2001/06/04 font definitions for OT1/pcr.
)) (./abstract.tex
LaTeX Font Info:    Font shape `OT1/ptm/bx/n' in size <14.4> not available
(Font)              Font shape `OT1/ptm/b/n' tried instead on input line 1.
)
(./intro.tex
LaTeX Font Info:    Font shape `OT1/ptm/bx/n' in size <10> not available
(Font)              Font shape `OT1/ptm/b/n' tried instead on input line 9.


LaTeX Warning: Citation `chamberlin1981sqldata' on page 1 undefined on input li
ne 9.


LaTeX Warning: Citation `mohan1986transaction' on page 1 undefined on input lin
e 9.


LaTeX Warning: Citation `hagmann87-cedar' on page 1 undefined on input line 9.


LaTeX Warning: Citation `RosenblumOusterhout92-LFS' on page 1 undefined on inpu
t line 9.


LaTeX Warning: Citation `chamberlin1981sqldata' on page 1 undefined on input li
ne 13.


LaTeX Warning: Citation `chamberlin1981history' on page 1 undefined on input li
ne 13.


LaTeX Warning: Citation `mohan1986transaction' on page 1 undefined on input lin
e 14.


LaTeX Warning: Citation `MohanEtAl92-Aries' on page 1 undefined on input line 1
5.


LaTeX Warning: Citation `Kuo96VerifyARIES' on page 1 undefined on input line 17
.


LaTeX Warning: Citation `martin1997toward' on page 1 undefined on input line 17
.


LaTeX Warning: Citation `hagmann87-cedar' on page 1 undefined on input line 22.



LaTeX Warning: Citation `Best00-JFS' on page 1 undefined on input line 22.


LaTeX Warning: Citation `Reiser04-ReiserFS' on page 1 undefined on input line 2
2.


LaTeX Warning: Citation `SweeneyEtAl96-XFS' on page 1 undefined on input line 2
2.


LaTeX Warning: Citation `Tweedie98-JournalingExt2' on page 1 undefined on input
 line 22.


LaTeX Warning: Citation `Chidambaram+13-OptFS' on page 1 undefined on input lin
e 22.


LaTeX Warning: Citation `HitzEtAl94-WAFL' on page 1 undefined on input line 24.



LaTeX Warning: Citation `RosenblumOusterhout92-LFS' on page 1 undefined on inpu
t line 24.


LaTeX Warning: Citation `Sun06-ZFS' on page 1 undefined on input line 24.


LaTeX Warning: Citation `Mason07-btrfs' on page 1 undefined on input line 24.


LaTeX Warning: Citation `GangerPatt-Metadata94' on page 1 undefined on input li
ne 24.


LaTeX Warning: Citation `Chidambaram+12-NoFS' on page 1 undefined on input line
 25.


LaTeX Warning: Citation `Frost+07-GenFSDep' on page 1 undefined on input line 2
5.


LaTeX Warning: Citation `Lu+13-Evolution' on page 1 undefined on input line 26.



LaTeX Warning: Citation `sqlite' on page 1 undefined on input line 29.


LaTeX Warning: Citation `leveldb' on page 1 undefined on input line 30.


LaTeX Warning: Citation `posix2013' on page 1 undefined on input line 37.


LaTeX Warning: Citation `Tweedie98-JournalingExt2' on page 1 undefined on input
 line 47.


LaTeX Warning: Citation `ThanuEtAl13-appconsistency-hotdep' on page 1 undefined
 on input line 59.


LaTeX Warning: Citation `EatMyData' on page 1 undefined on input line 59.


Underfull \hbox (badness 5681) in paragraph at lines 51--62
[]\OT1/ptm/m/n/10 The sec-ond chal-lenge is that build-ing a high-
 []


LaTeX Warning: Citation `McKusickEtAl-FFS-84' on page 1 undefined on input line
 69.


LaTeX Warning: Citation `ThanuEtAl13-appconsistency-hotdep' on page 1 undefined
 on input line 88.


Underfull \vbox (badness 1484) has occurred while \output is active []

 [1{/var/lib/texmf/fonts/map/pdftex/updmap/pdftex.map}


] (./fig-git-example.tex
<figs/example2.pdf, id=150, 466.74374pt x 119.44624pt>
File: figs/example2.pdf Graphic file (type pdf)
 <use figs/example2.pdf>)

LaTeX Warning: Citation `git' on page 2 undefined on input line 101.


LaTeX Warning: Citation `bdb' on page 2 undefined on input line 110.


LaTeX Warning: Citation `leveldb' on page 2 undefined on input line 110.


LaTeX Warning: Citation `gdbm' on page 2 undefined on input line 110.


LaTeX Warning: Citation `lmdb' on page 2 undefined on input line 111.


LaTeX Warning: Citation `sqlite' on page 2 undefined on input line 111.


LaTeX Warning: Citation `postgres' on page 2 undefined on input line 111.


LaTeX Warning: Citation `hsqldb' on page 2 undefined on input line 112.


LaTeX Warning: Citation `git' on page 2 undefined on input line 112.


LaTeX Warning: Citation `mercurial' on page 2 undefined on input line 112.


LaTeX Warning: Citation `Shvachko+10-HDFS' on page 2 undefined on input line 11
3.


LaTeX Warning: Citation `zookeeper' on page 2 undefined on input line 113.


LaTeX Warning: Citation `vmwareplayer' on page 2 undefined on input line 114.


Underfull \hbox (badness 1478) in paragraph at lines 109--116
\OT1/ptm/m/n/10 greSQL [\OT1/ptm/b/n/10 ?\OT1/ptm/m/n/10 ], HSQLDB [\OT1/ptm/b/
n/10 ?\OT1/ptm/m/n/10 ], Git [\OT1/ptm/b/n/10 ?\OT1/ptm/m/n/10 ], Mer-cu-rial [
\OT1/ptm/b/n/10 ?\OT1/ptm/m/n/10 ]),
 []


LaTeX Warning: Citation `tso-fsync' on page 2 undefined on input line 141.


Underfull \vbox (badness 1540) has occurred while \output is active []



LaTeX Warning: Citation `URLmassivefsthread' on page 2 undefined on input line 
155.

LaTeX Font Info:    Try loading font information for OMS+ptm on input line 162.

(/usr/share/texmf-texlive/tex/latex/psnfss/omsptm.fd
File: omsptm.fd 
)
LaTeX Font Info:    Font shape `OMS/ptm/m/n' in size <10> not available
(Font)              Font shape `OMS/cmsy/m/n' tried instead on input line 162.
) (./pp.tex

LaTeX Warning: Citation `CardEtAl94-Ext2' on page 2 undefined on input line 15.



LaTeX Warning: Citation `Tweedie98-JournalingExt2' on page 2 undefined on input
 line 16.


LaTeX Warning: Citation `Tweedie00-Ext3Talk' on page 2 undefined on input line 
16.


LaTeX Warning: Citation `TsoTweedie02-Ext23' on page 2 undefined on input line 
17.


LaTeX Warning: Citation `Mason07-btrfs' on page 2 undefined on input line 17.


LaTeX Warning: Citation `SweeneyEtAl96-XFS' on page 2 undefined on input line 1
8.


LaTeX Warning: Citation `Reiser04-ReiserFS' on page 2 undefined on input line 1
8.

[2 <./figs/example2.pdf>]
LaTeX Font Info:    Font shape `OT1/ptm/bx/n' in size <12> not available
(Font)              Font shape `OT1/ptm/b/n' tried instead on input line 25.
 (./fig-crashstates.tex

! LaTeX Error: Unknown graphics extension: .eps.

See the LaTeX manual or LaTeX Companion for explanation.
Type  H <return>  for immediate help.
 ...                                              
                                                  
l.3 ...degraphics[scale=0.4]{figs/crashstates.eps}
                                                  
? 
)

LaTeX Warning: Citation `PrabhakaranEtAl05-Usenix' on page 3 undefined on input
 line 78.


Underfull \hbox (badness 3557) in paragraph at lines 99--105
[]\OT1/ptm/m/n/10 Note that dif-fer-ent sys-tem calls (e.g., \OT1/pcr/m/n/8.7 w
rite()\OT1/ptm/m/n/10 ,
 []

(./tbl-pcp.tex
LaTeX Font Info:    Font shape `OT1/ptm/bx/n' in size <8> not available
(Font)              Font shape `OT1/ptm/b/n' tried instead on input line 9.

Overfull \hbox (2.70901pt too wide) in paragraph at lines 6--64
 [] 
 []

) [3]

LaTeX Warning: Citation `condit2009better' on page 4 undefined on input line 12
7.


LaTeX Warning: Citation `PrabhakaranEtAl05-Usenix' on page 4 undefined on input
 line 152.


LaTeX Warning: Citation `URLmassivefsthread' on page 4 undefined on input line 
158.


LaTeX Warning: Citation `btrfs-mason' on page 4 undefined on input line 163.

) (./tool2.tex

Package hyperref Warning: Token not allowed in a PDF string (PDFDocEncoding):
(hyperref)                removing `\\' on input line 1.

(./fig-overview.tex

! LaTeX Error: Unknown graphics extension: .eps.

See the LaTeX manual or LaTeX Companion for explanation.
Type  H <return>  for immediate help.
 ...                                              
                                                  
l.3 ...udegraphics[scale=0.28]{figs/overview2.eps}
                                                  
? 
LaTeX Font Info:    Font shape `OT1/ptm/bx/sc' in size <10> not available
(Font)              Font shape `OT1/ptm/b/sc' tried instead on input line 6.
LaTeX Font Info:    Font shape `OT1/ptm/bx/sc' in size <9.2> not available
(Font)              Font shape `OT1/ptm/b/sc' tried instead on input line 6.
) [4] (./tbl-log-micro-code.tex) (./lst-micro-example.tex
LaTeX Font Info:    Try loading font information for OT1+Times on input line 12
.
LaTeX Font Info:    No file OT1Times.fd. on input line 12.


LaTeX Font Warning: Font shape `OT1/Times/m/n' undefined
(Font)              using `OT1/cmr/m/n' instead on input line 12.

LaTeX Font Info:    Font shape `OT1/pcr/m/it' in size <8> not available
(Font)              Font shape `OT1/pcr/m/sl' tried instead on input line 46.
LaTeX Font Info:    Font shape `OT1/pcr/m/it' in size <8.7> not available
(Font)              Font shape `OT1/pcr/m/sl' tried instead on input line 46.
) [5]
Underfull \hbox (badness 1210) in paragraph at lines 160--162
\OT1/ptm/m/n/10 We now de-scribe the dif-fer-ent per-sis-tence prop-er-ties
 []

LaTeX Font Info:    Font shape `OT1/ptm/bx/it' in size <10> not available
(Font)              Font shape `OT1/ptm/b/it' tried instead on input line 163.
[6]) (./vul-study.tex

LaTeX Warning: Citation `bdb' on page 7 undefined on input line 9.


LaTeX Warning: Citation `leveldb' on page 7 undefined on input line 9.


LaTeX Warning: Citation `gdbm' on page 7 undefined on input line 10.


LaTeX Warning: Citation `lmdb' on page 7 undefined on input line 10.


LaTeX Warning: Citation `sqlite' on page 7 undefined on input line 11.


LaTeX Warning: Citation `postgres' on page 7 undefined on input line 11.


LaTeX Warning: Citation `hsqldb' on page 7 undefined on input line 11.


LaTeX Warning: Citation `git' on page 7 undefined on input line 12.


LaTeX Warning: Citation `mercurial' on page 7 undefined on input line 12.


LaTeX Warning: Citation `Shvachko+10-HDFS' on page 7 undefined on input line 13
.


LaTeX Warning: Citation `zookeeper' on page 7 undefined on input line 13.


LaTeX Warning: Citation `vmwareplayer' on page 7 undefined on input line 14.


LaTeX Warning: Citation `ThanuEtAl13-appconsistency-hotdep' on page 7 undefined
 on input line 67.


LaTeX Warning: Citation `git-linus' on page 7 undefined on input line 78.


Underfull \hbox (badness 4634) in paragraph at lines 89--96
[]\OT1/ptm/b/n/10 Virtualization and Dis-tributed Sys-tems\OT1/ptm/m/n/10 . The

 []

(./fig-case-protocols.tex
<figs/prot-combined.pdf, id=273, 1029.8475pt x 326.21875pt>
File: figs/prot-combined.pdf Graphic file (type pdf)

<use figs/prot-combined.pdf>
LaTeX Font Info:    Font shape `OT1/ptm/bx/it' in size <8> not available
(Font)              Font shape `OT1/ptm/b/it' tried instead on input line 14.
) [7]
Underfull \hbox (badness 1389) in paragraph at lines 182--190
\OT1/ptm/m/n/10 Surprisingly, VMWare Player's pro-to-col was sim-ple.
 []

(./tables/vuls.tex
LaTeX Font Info:    Font shape `OT1/ptm/bx/n' in size <7> not available
(Font)              Font shape `OT1/ptm/b/n' tried instead on input line 8.

Overfull \hbox (6.37877pt too wide) in paragraph at lines 8--8
[]|\OT1/ptm/b/n/7 Application|  
 []


Overfull \vbox (76.35675pt too high) detected at line 8
 []


Overfull \vbox (76.80109pt too high) detected at line 9
 []


Overfull \hbox (7.07257pt too wide) in paragraph at lines 9--9
[]|\OT1/ptm/b/n/7 Orde-
 []


Overfull \hbox (1.63365pt too wide) in paragraph at lines 9--9
\OT1/ptm/b/n/7 ring| 
 []


Overfull \hbox (9.34894pt too wide) in paragraph at lines 9--9
[]|\OT1/ptm/b/n/7 Dura-
 []


Overfull \hbox (7.02478pt too wide) in paragraph at lines 9--9
\OT1/ptm/b/n/7 bility| 
 []

LaTeX Font Info:    Font shape `OT1/ptm/bx/it' in size <7> not available
(Font)              Font shape `OT1/ptm/b/it' tried instead on input line 47.
)
Underfull \vbox (badness 4752) has occurred while \output is active []

 [8 <./figs/prot-combined.pdf>] [9]
Underfull \hbox (badness 2351) in paragraph at lines 311--317
[]\OT1/ptm/b/n/10 Overwrite atom-ic-ity\OT1/ptm/m/n/10 . LMDB, Post-greSQL, and

 []


LaTeX Warning: Citation `URLmassivefsthread' on page 10 undefined on input line
 353.


Underfull \hbox (badness 1005) in paragraph at lines 370--377
\OT1/ptm/m/n/10 GDBM); ap-pli-ca-tions might not per-sist the \OT1/pcr/m/n/8.7 
creat()
 []

[10] (./tables/fs_impact.tex

! LaTeX Error: Environment subtable undefined.

See the LaTeX manual or LaTeX Companion for explanation.
Type  H <return>  for immediate help.
 ...                                              
                                                  
l.4 \begin{subtable}
                    [t]{0.27\textwidth}
? 
! Missing number, treated as zero.
<to be read again> 
                   }
l.4 \begin{subtable}[t]{0.27\textwidth}
                                       
? 
! Illegal unit of measure (pt inserted).
<to be read again> 
                   }
l.4 \begin{subtable}[t]{0.27\textwidth}
                                       
? 

Overfull \hbox (1.70709pt too wide) in paragraph at lines 8--8
[]|[]| 
 []


Underfull \hbox (badness 3646) in paragraph at lines 10--10
\OT1/ptm/m/n/7 or-dered among them-selves,
 []


Underfull \hbox (badness 3646) in paragraph at lines 11--11
\OT1/ptm/m/n/7 or-dered among them-selves.
 []


Underfull \hbox (badness 10000) in paragraph at lines 11--11
\OT1/ptm/m/n/7 Over-writes be-fore non-
 []


! LaTeX Error: \begin{table} on input line 3 ended by \end{subtable}.

See the LaTeX manual or LaTeX Companion for explanation.
Type  H <return>  for immediate help.
 ...                                              
                                                  
l.20     \end{subtable}
                       
? 

! LaTeX Error: Environment subtable undefined.

See the LaTeX manual or LaTeX Companion for explanation.
Type  H <return>  for immediate help.
 ...                                              
                                                  
l.22     \begin{subtable}
                         [t]{0.19\textwidth}
? 
! Missing number, treated as zero.
<to be read again> 
                   }
l.22     \begin{subtable}[t]{0.19\textwidth}
                                            
? 
! Illegal unit of measure (pt inserted).
<to be read again> 
                   }
l.22     \begin{subtable}[t]{0.19\textwidth}
                                            
? 

! LaTeX Error: \begin{table} on input line 3 ended by \end{subtable}.

See the LaTeX manual or LaTeX Companion for explanation.
Type  H <return>  for immediate help.
 ...                                              
                                                  
l.55     \end{subtable}
                       
? 
)

LaTeX Warning: Citation `btrfs-mason' on page 11 undefined on input line 450.


LaTeX Warning: Citation `URLmassivefsthread' on page 11 undefined on input line
 478.


Underfull \hbox (badness 1571) in paragraph at lines 477--483
\OT1/ptm/m/n/10 File-system mod-i-fi-ca-tions for im-prov-ing per-for-mance
 []


Underfull \vbox (badness 5274) has occurred while \output is active []



LaTeX Warning: Citation `PrabhakaranEtAl05-Usenix' on page 11 undefined on inpu
t line 486.


LaTeX Warning: Citation `LWN1' on page 11 undefined on input line 490.


Underfull \hbox (badness 10000) in paragraph at lines 511--519
[]\OT1/ptm/m/n/10 We es-ti-mated the per-for-mance gain of
 []


Underfull \hbox (badness 10000) in paragraph at lines 511--519
\OT1/pcr/m/n/8.7 ext3-fastfsync \OT1/ptm/m/n/10 us-ing the fol-low-ing ex-per-i
-ment:
 []

) (./discussion.tex [11]) (./related.tex
Underfull \hbox (badness 2680) in paragraph at lines 82--1
[]\OT1/ptm/m/n/10 Out-of-date, un-clear doc-u-men-ta-tion of ap-pli-ca-tion
 []


LaTeX Warning: Citation `ThanuEtAl13-appconsistency-hotdep' on page 12 undefine
d on input line 7.


LaTeX Warning: Citation `YangEtAl06-Explode' on page 12 undefined on input line
 11.


LaTeX Warning: Citation `cui2013verifying' on page 12 undefined on input line 2
8.


LaTeX Warning: Citation `sqlite' on page 12 undefined on input line 34.


LaTeX Warning: Citation `Chidambaram+13-OptFS' on page 12 undefined on input li
ne 37.


LaTeX Warning: Citation `Frost+07-GenFSDep' on page 12 undefined on input line 
37.


LaTeX Warning: Citation `GallagherEtAl05-LogSkipPaper' on page 12 undefined on 
input line 39.


LaTeX Warning: Citation `schmuck1991experience' on page 12 undefined on input l
ine 39.


LaTeX Warning: Citation `fast09valor' on page 12 undefined on input line 39.

) (./conclude.tex) [12] (./bib.tex (./main.bbl

LaTeX Warning: Empty `thebibliography' environment on input line 3.

)) [13


] (./main.aux)

LaTeX Font Warning: Some font shapes were not available, defaults substituted.


LaTeX Warning: There were undefined references.


LaTeX Warning: Label(s) may have changed. Rerun to get cross-references right.

 ) 
Here is how much of TeX's memory you used:
 7373 strings out of 495061
 105330 string characters out of 1182620
 233866 words of memory out of 3000000
 10225 multiletter control sequences out of 15000+50000
 45340 words of font info for 93 fonts, out of 3000000 for 9000
 28 hyphenation exceptions out of 8191
 38i,11n,40p,1385b,1113s stack positions out of 5000i,500n,10000p,200000b,50000s
{/usr/share/texmf-texlive/fonts/enc/dvips/base/8r.enc}</usr/share/texmf-texli
ve/fonts/type1/public/amsfonts/cm/cmmi10.pfb></usr/share/texmf-texlive/fonts/ty
pe1/public/amsfonts/cm/cmmi8.pfb></usr/share/texmf-texlive/fonts/type1/public/a
msfonts/cm/cmr10.pfb></usr/share/texmf-texlive/fonts/type1/public/amsfonts/cm/c
mr5.pfb></usr/share/texmf-texlive/fonts/type1/public/amsfonts/cm/cmr6.pfb></usr
/share/texmf-texlive/fonts/type1/public/amsfonts/cm/cmr8.pfb></usr/share/texmf-
texlive/fonts/type1/public/amsfonts/cm/cmsy10.pfb></usr/share/texmf-texlive/fon
ts/type1/public/amsfonts/cm/cmsy7.pfb></usr/share/texmf-texlive/fonts/type1/pub
lic/amsfonts/cm/cmsy8.pfb></usr/share/texmf-texlive/fonts/type1/public/amsfonts
/symbols/msam7.pfb></usr/share/texmf-texlive/fonts/type1/urw/courier/ucrr8a.pfb
></usr/share/texmf-texlive/fonts/type1/urw/courier/ucrro8a.pfb></usr/share/texm
f-texlive/fonts/type1/urw/times/utmb8a.pfb></usr/share/texmf-texlive/fonts/type
1/urw/times/utmbi8a.pfb></usr/share/texmf-texlive/fonts/type1/urw/times/utmr8a.
pfb></usr/share/texmf-texlive/fonts/type1/urw/times/utmri8a.pfb>
Output written on main.pdf (13 pages, 408839 bytes).
PDF statistics:
 467 PDF objects out of 1000 (max. 8388607)
 100 named destinations out of 1000 (max. 500000)
 283 words of extra memory for PDF output out of 10000 (max. 10000000)

